Using pre-set license
Built from '2020.3/staging' branch; Version is '2020.3.11f1 (99c7afb366b3) revision 10078127'; Using compiler version '192528614'; Build Type 'Release'
OS: 'Windows 10 Home Single Language; OS build 19042.1052; Version 2009; 64bit' Language: 'es' Physical Memory: 32617 MB
BatchMode: 1, IsHumanControllingUs: 0, StartBugReporterOnCrash: 0, Is64bit: 1, IsPro: 0

 COMMAND LINE ARGUMENTS:
D:\Unity files\2020.3.11f1\Editor\Unity.exe
-adb2
-batchMode
-noUpm
-name
AssetImportWorker0
-projectPath
C:/Users/geomo/OneDrive/Documentos/GitHub/MerinoMatiasE2
-logFile
Logs/AssetImportWorker0.log
-srvPort
64499
Successfully changed project path to: C:/Users/geomo/OneDrive/Documentos/GitHub/MerinoMatiasE2
C:/Users/geomo/OneDrive/Documentos/GitHub/MerinoMatiasE2
Using Asset Import Pipeline V2.
Refreshing native plugins compatible for Editor in 52.35 ms, found 3 plugins.
Preloading 0 native plugins for Editor in 0.00 ms.
Initialize engine version: 2020.3.11f1 (99c7afb366b3)
[Subsystems] Discovering subsystems at path D:/Unity files/2020.3.11f1/Editor/Data/Resources/UnitySubsystems
[Subsystems] Discovering subsystems at path C:/Users/geomo/OneDrive/Documentos/GitHub/MerinoMatiasE2/Assets
GfxDevice: creating device client; threaded=0
Direct3D:
    Version:  Direct3D 11.0 [level 11.1]
    Renderer: NVIDIA GeForce RTX 2060 (ID=0x1f11)
    Vendor:   
    VRAM:     5980 MB
    Driver:   30.0.14.7111
Initialize mono
Mono path[0] = 'D:/Unity files/2020.3.11f1/Editor/Data/Managed'
Mono path[1] = 'D:/Unity files/2020.3.11f1/Editor/Data/MonoBleedingEdge/lib/mono/unityjit'
Mono config path = 'D:/Unity files/2020.3.11f1/Editor/Data/MonoBleedingEdge/etc'
Using monoOptions --debugger-agent=transport=dt_socket,embedding=1,server=y,suspend=n,address=127.0.0.1:56672
Begin MonoManager ReloadAssembly
Registering precompiled unity dll's ...
Register platform support module: D:/Unity files/2020.3.11f1/Editor/Data/PlaybackEngines/WebGLSupport/UnityEditor.WebGL.Extensions.dll
Register platform support module: D:/Unity files/2020.3.11f1/Editor/Data/PlaybackEngines/MacStandaloneSupport/UnityEditor.OSXStandalone.Extensions.dll
Register platform support module: D:/Unity files/2020.3.11f1/Editor/Data/PlaybackEngines/WindowsStandaloneSupport/UnityEditor.WindowsStandalone.Extensions.dll
Register platform support module: D:/Unity files/2020.3.11f1/Editor/Data/PlaybackEngines/LinuxStandaloneSupport/UnityEditor.LinuxStandalone.Extensions.dll
Register platform support module: D:/Unity files/2020.3.11f1/Editor/Data/PlaybackEngines/LuminSupport/UnityEditor.Lumin.Extensions.dll
Registered in 0.002149 seconds.
Native extension for Lumin target not found
Native extension for LinuxStandalone target not found
Native extension for WindowsStandalone target not found
Native extension for OSXStandalone target not found
Native extension for WebGL target not found
Refreshing native plugins compatible for Editor in 51.86 ms, found 3 plugins.
Preloading 0 native plugins for Editor in 0.00 ms.
Mono: successfully reloaded assembly
- Completed reload, in  2.532 seconds
Platform modules already initialized, skipping
Registering precompiled user dll's ...
Registered in 0.005483 seconds.
Begin MonoManager ReloadAssembly
Native extension for Lumin target not found
Native extension for LinuxStandalone target not found
Native extension for WindowsStandalone target not found
Native extension for OSXStandalone target not found
Native extension for WebGL target not found
Refreshing native plugins compatible for Editor in 44.43 ms, found 3 plugins.
Preloading 0 native plugins for Editor in 0.00 ms.
Mono: successfully reloaded assembly
- Completed reload, in  1.317 seconds
Platform modules already initialized, skipping
========================================================================
Worker process is ready to serve import requests
Launched and connected shader compiler UnityShaderCompiler.exe after 0.08 seconds
Refreshing native plugins compatible for Editor in 0.62 ms, found 3 plugins.
Preloading 0 native plugins for Editor in 0.00 ms.
Unloading 2253 Unused Serialized files (Serialized files now loaded: 0)
System memory in use before: 100.1 MB.
System memory in use after: 100.2 MB.

Unloading 29 unused Assets to reduce memory usage. Loaded Objects now: 2692.
Total: 2.751200 ms (FindLiveObjects: 0.214900 ms CreateObjectMapping: 0.087300 ms MarkObjects: 2.332400 ms  DeleteObjects: 0.115700 ms)

========================================================================
Received Import Request.
  path: Assets/Scripts/EnemyKiller.cs
  artifactKey: Guid(66c8216e75dd13042a37082274a483fc) Importer(815301076,1909f56bfc062723c751e8b465ee728b)
Start importing Assets/Scripts/EnemyKiller.cs using Guid(66c8216e75dd13042a37082274a483fc) Importer(815301076,1909f56bfc062723c751e8b465ee728b)  -> (artifact id: '00c8844ccbf7969a3f17e3789fbe7df4') in 0.040763 seconds
  Import took 0.044365 seconds .

========================================================================
Received Import Request.
  Time since last request: 10.347572 seconds.
  path: Assets/Scripts/Enemy.cs
  artifactKey: Guid(698cf64582c080e4d89d53a4f03c1f88) Importer(815301076,1909f56bfc062723c751e8b465ee728b)
Start importing Assets/Scripts/Enemy.cs using Guid(698cf64582c080e4d89d53a4f03c1f88) Importer(815301076,1909f56bfc062723c751e8b465ee728b)  -> (artifact id: '769fc3ba58bbd6abe17216efa88fcc56') in 0.006481 seconds
  Import took 0.011456 seconds .

========================================================================
Received Import Request.
  Time since last request: 0.028926 seconds.
  path: Assets/Scripts/Enemy.cs
  artifactKey: Guid(698cf64582c080e4d89d53a4f03c1f88) Importer(815301076,1909f56bfc062723c751e8b465ee728b)
Start importing Assets/Scripts/Enemy.cs using Guid(698cf64582c080e4d89d53a4f03c1f88) Importer(815301076,1909f56bfc062723c751e8b465ee728b)  -> (artifact id: '769fc3ba58bbd6abe17216efa88fcc56') in 0.003431 seconds
  Import took 0.007512 seconds .

========================================================================
Received Prepare
Refreshing native plugins compatible for Editor in 4.85 ms, found 3 plugins.
Preloading 0 native plugins for Editor in 0.00 ms.
Unloading 14 Unused Serialized files (Serialized files now loaded: 0)
System memory in use before: 54.1 MB.
System memory in use after: 54.3 MB.

Unloading 14 unused Assets to reduce memory usage. Loaded Objects now: 2692.
Total: 4.021100 ms (FindLiveObjects: 0.263100 ms CreateObjectMapping: 0.145300 ms MarkObjects: 3.571700 ms  DeleteObjects: 0.039800 ms)

AssetImportWorkerClient::OnTransportError - code=2 error=End of file
